beschric@NWHM0091:~ ()$ log show --color always --backtrace --debug --info --process 0|egrep 'IOUserSerial|VSP'

2025-02-05 08:25:53.106 Df kernel[0:9d4f] () [VSPDriver]: init called.
2025-02-05 08:25:53.106 Df kernel[0:9d4f] () [VSPDriver]: Start: called.
2025-02-05 08:25:53.106 Df kernel[0:9d4f] () [VSPDriver]: LoadSerialPort: create #4 VSPSerialPort from Info.plist.
2025-02-05 08:25:53.106 Df kernel[0:9d4f] () [VSPSerialPort]: init called.
2025-02-05 08:25:53.106 Df kernel[0:9d4f] () [VSPSerialPort]: Start: called.
2025-02-05 08:25:53.106 Df kernel[0:9d4f] () IOUserSerial::<private>: 40 0x600002f54058
2025-02-05 08:25:53.106 Df kernel[0:9d4f] () [VSPSerialPort]: Start: Connect INT/RX/TX buffers.
2025-02-05 08:25:53.106 Df kernel[0:9d4f] () IOUserSerial::<private>: 59 0x600002f54058
2025-02-05 08:25:53.106 Df kernel[0:9d4f] () [VSPSerialPort]: Start: Get memory descriptor size.
2025-02-05 08:25:53.106 Df kernel[0:9d4f] () [VSPSerialPort]: Start: Connect IODataQueueDispatchSource::DataAvailable event.
2025-02-05 08:25:53.107 Df kernel[0:9d4f] () [VSPSerialPort]: Start: Unable to set TTY base name. code=-536870212
2025-02-05 08:25:53.107 Df kernel[0:9d4f] () [VSPSerialPort]: Start: prepare internal stuff.
2025-02-05 08:25:53.107 Df kernel[0:9d4f] () [VSPSerialPort]: Start: driver started successfully.
2025-02-05 08:25:53.107 Df kernel[0:9d4f] () [VSPDriver]: LoadSerialPort: check VSPSerialPort type.
2025-02-05 08:25:53.107 Df kernel[0:9d4f] () [VSPSerialPort]: init called.
2025-02-05 08:25:53.107 Df kernel[0:9d4f] () [VSPSerialPort]: Start: called.
2025-02-05 08:25:53.107 Df kernel[0:9d4f] () IOUserSerial::<private>: 40 0x600002f54198
2025-02-05 08:25:53.107 Df kernel[0:9d4f] () [VSPSerialPort]: Start: Connect INT/RX/TX buffers.
2025-02-05 08:25:53.107 Df kernel[0:9d4f] () IOUserSerial::<private>: 59 0x600002f54198
2025-02-05 08:25:53.107 Df kernel[0:9d4f] () [VSPSerialPort]: Start: Get memory descriptor size.
2025-02-05 08:25:53.107 Df kernel[0:9d4f] () [VSPSerialPort]: Start: Connect IODataQueueDispatchSource::DataAvailable event.
2025-02-05 08:25:53.107 Df kernel[0:9d4f] () [VSPSerialPort]: Start: Unable to set TTY base name. code=-536870212
2025-02-05 08:25:53.107 Df kernel[0:9d4f] () [VSPSerialPort]: Start: prepare internal stuff.
2025-02-05 08:25:53.107 Df kernel[0:9d4f] () [VSPSerialPort]: Start: driver started successfully.
2025-02-05 08:25:53.107 Df kernel[0:9d4f] () [VSPDriver]: LoadSerialPort: check VSPSerialPort type.
2025-02-05 08:25:53.107 Df kernel[0:9d4f] () [VSPSerialPort]: init called.
2025-02-05 08:25:53.108 Df kernel[0:9d4f] () [VSPSerialPort]: Start: called.
2025-02-05 08:25:53.108 Df kernel[0:9d4f] () IOUserSerial::<private>: 40 0x600002f50058
2025-02-05 08:25:53.108 Df kernel[0:9d4f] () [VSPSerialPort]: Start: Connect INT/RX/TX buffers.
2025-02-05 08:25:53.108 Df kernel[0:9d4f] () IOUserSerial::<private>: 59 0x600002f50058
2025-02-05 08:25:53.108 Df kernel[0:9d4f] () [VSPSerialPort]: Start: Get memory descriptor size.
2025-02-05 08:25:53.108 Df kernel[0:9d4f] () [VSPSerialPort]: Start: Connect IODataQueueDispatchSource::DataAvailable event.
2025-02-05 08:25:53.108 Df kernel[0:9d4f] () [VSPSerialPort]: Start: Unable to set TTY base name. code=-536870212
2025-02-05 08:25:53.108 Df kernel[0:9d4f] () [VSPSerialPort]: Start: prepare internal stuff.
2025-02-05 08:25:53.108 Df kernel[0:9d4f] () [VSPSerialPort]: Start: driver started successfully.
2025-02-05 08:25:53.108 Df kernel[0:9d4f] () [VSPDriver]: LoadSerialPort: check VSPSerialPort type.
2025-02-05 08:25:53.108 Df kernel[0:9d4f] () [VSPSerialPort]: init called.
2025-02-05 08:25:53.108 Df kernel[0:9d4f] () [VSPSerialPort]: Start: called.
2025-02-05 08:25:53.108 Df kernel[0:9d4f] () IOUserSerial::<private>: 40 0x600002f50198
2025-02-05 08:25:53.108 Df kernel[0:9d4f] () [VSPSerialPort]: Start: Connect INT/RX/TX buffers.
2025-02-05 08:25:53.108 Df kernel[0:9d4f] () IOUserSerial::<private>: 59 0x600002f50198
2025-02-05 08:25:53.108 Df kernel[0:9d4f] () [VSPSerialPort]: Start: Get memory descriptor size.
2025-02-05 08:25:53.108 Df kernel[0:9d4f] () [VSPSerialPort]: Start: Connect IODataQueueDispatchSource::DataAvailable event.
2025-02-05 08:25:53.109 Df kernel[0:9d4f] () [VSPSerialPort]: Start: Unable to set TTY base name. code=-536870212
2025-02-05 08:25:53.109 Df kernel[0:9d4f] () [VSPSerialPort]: Start: prepare internal stuff.
2025-02-05 08:25:53.109 Df kernel[0:9d4f] () [VSPSerialPort]: Start: driver started successfully.
2025-02-05 08:25:53.109 Df kernel[0:9d4f] () [VSPDriver]: LoadSerialPort: check VSPSerialPort type.
2025-02-05 08:25:53.109 Df kernel[0:9d4f] () [VSPDriver]: Start: driver started successfully.
2025-02-05 08:25:53.109 Df kernel[0:9d40] DK: VSPDriver-0x100000a57::start(IOUserResources-0x100000116) ok
