kernel[0:1cfe] () [VSPSerialPort]: --------------------------------------------------
kernel[0:1cfe] () [VSPSerialPort]: TxDataAvailable called.
kernel[0:1cfe] () [VSPSerialPort]: => lock level=1 this=0x60000398c058
kernel[0:1cfe] () [VSPSerialPort]: TxDataAvailable: [IOSPI-TX 1] txPI: 1985, txCI: 1975, txqoffset: 0, txqlogsz: 14
kernel[0:1cfe] () [VSPSerialPort]: sendToPortLink called. using linkId=1
kernel[0:1cfe] () [VSPSerialPort]: sendToPortLink: got port link.
kernel[0:1cfe] () [VSPSerialPort]: sendToPortLink: got portId=1 -> enqueue on target
kernel[0:1cfe] () [VSPSerialPort]: enqueueResponse called.
kernel[0:1cfe] () [VSPSerialPort]: enqueueResponse: enqueue data=0x100ff8b2c size=10
kernel[0:1cfe] () [VSPSerialPort]: <= lock level=1 this=0x60000398c058
kernel[0:17fb] () [VSPSerialPort]: => lock level=1 this=0x600003988058
kernel[0:17fb] () [VSPSerialPort]: ++++++++++++++++++++++++++++++++++++++++
kernel[0:17fb] () [VSPSerialPort]: RxEchoAsyncEvent: called.
kernel[0:17fb] () [VSPSerialPort]: RxEchoAsyncEvent: [IOSPI-RX 1] rxPI=10 rxCI=10 rxqoffset=0 rxqlogsz=14
kernel[0:17fb] () [VSPSerialPort]: RxEchoAsyncEvent: dequeue RX source
kernel[0:17fb] () [VSPSerialPort]: RxEchoAsyncEvent: dequeue data=0x100ff8b2c size=10
kernel[0:17fb] () [VSPSerialPort]: RxEchoAsyncEvent: Dump m_rxqmd buffer=0x100fec000 size=10
kernel[0:17fb] () [VSPSerialPort]: RxEchoAsyncEvent: buffer[00]=0x30 0
kernel[0:17fb] () [VSPSerialPort]: RxEchoAsyncEvent: buffer[01]=0x30 0
kernel[0:17fb] () [VSPSerialPort]: RxEchoAsyncEvent: buffer[02]=0x30 0
kernel[0:17fb] () [VSPSerialPort]: RxEchoAsyncEvent: buffer[03]=0x30 0
kernel[0:17fb] () [VSPSerialPort]: RxEchoAsyncEvent: buffer[04]=0x30 0
kernel[0:17fb] () [VSPSerialPort]: RxEchoAsyncEvent: buffer[05]=0x30 0
kernel[0:17fb] () [VSPSerialPort]: RxEchoAsyncEvent: buffer[06]=0x30 0
kernel[0:17fb] () [VSPSerialPort]: RxEchoAsyncEvent: buffer[07]=0x30 0
kernel[0:17fb] () [VSPSerialPort]: RxEchoAsyncEvent: buffer[08]=0x0d
kernel[0:17fb] () [VSPSerialPort]: RxEchoAsyncEvent: buffer[09]=0x0a
kernel[0:17fb] () [VSPSerialPort]: RxEchoAsyncEvent: [IOSPI-RX 2] rxPI=10 rxCI=0 rxqoffset=0 rxqlogsz=14
kernel[0:17fb] () [VSPSerialPort]: RxDataAvailable called.
kernel[0:17fb] () [VSPSerialPort]: RxEchoAsyncEvent: complete.
kernel[0:17fb] () [VSPSerialPort]: <= lock level=1 this=0x600003988058
kernel[0:17fb] () [VSPSerialPort]: --------------------------------------------------
kernel[0:17fb] () [VSPSerialPort]: TxDataAvailable called.
kernel[0:17fb] () [VSPSerialPort]: => lock level=1 this=0x600003988058
kernel[0:17fb] () [VSPSerialPort]: TxDataAvailable: [IOSPI-TX 1] txPI: 1943, txCI: 1933, txqoffset: 0, txqlogsz: 14
kernel[0:17fb] () [VSPSerialPort]: sendToPortLink called. using linkId=1
kernel[0:17fb] () [VSPSerialPort]: sendToPortLink: got port link.
kernel[0:17fb] () [VSPSerialPort]: sendToPortLink: got portId=2 -> enqueue on target
kernel[0:17fb] () [VSPSerialPort]: enqueueResponse called.
kernel[0:17fb] () [VSPSerialPort]: enqueueResponse: enqueue data=0x10100ab2c size=10
kernel[0:17fb] () [VSPSerialPort]: <= lock level=1 this=0x600003988058
kernel[0:1cfe] () [VSPSerialPort]: => lock level=1 this=0x60000398c058
kernel[0:1cfe] () [VSPSerialPort]: ++++++++++++++++++++++++++++++++++++++++
kernel[0:1cfe] () [VSPSerialPort]: RxEchoAsyncEvent: called.
kernel[0:1cfe] () [VSPSerialPort]: RxEchoAsyncEvent: [IOSPI-RX 1] rxPI=10 rxCI=10 rxqoffset=0 rxqlogsz=14
kernel[0:1cfe] () [VSPSerialPort]: RxEchoAsyncEvent: dequeue RX source
kernel[0:1cfe] () [VSPSerialPort]: RxEchoAsyncEvent: dequeue data=0x10100ab2c size=10
kernel[0:1cfe] () [VSPSerialPort]: RxEchoAsyncEvent: Dump m_rxqmd buffer=0x100ffe000 size=10
kernel[0:1cfe] () [VSPSerialPort]: RxEchoAsyncEvent: buffer[00]=0x39 9
kernel[0:1cfe] () [VSPSerialPort]: RxEchoAsyncEvent: buffer[01]=0x39 9
kernel[0:1cfe] () [VSPSerialPort]: RxEchoAsyncEvent: buffer[02]=0x39 9
kernel[0:1cfe] () [VSPSerialPort]: RxEchoAsyncEvent: buffer[03]=0x39 9
kernel[0:1cfe] () [VSPSerialPort]: RxEchoAsyncEvent: buffer[04]=0x39 9
kernel[0:1cfe] () [VSPSerialPort]: RxEchoAsyncEvent: buffer[05]=0x39 9
kernel[0:1cfe] () [VSPSerialPort]: RxEchoAsyncEvent: buffer[06]=0x39 9
kernel[0:1cfe] () [VSPSerialPort]: RxEchoAsyncEvent: buffer[07]=0x39 9
kernel[0:1cfe] () [VSPSerialPort]: RxEchoAsyncEvent: buffer[08]=0x0d
kernel[0:1cfe] () [VSPSerialPort]: RxEchoAsyncEvent: buffer[09]=0x0a
kernel[0:1cfe] () [VSPSerialPort]: RxEchoAsyncEvent: [IOSPI-RX 2] rxPI=10 rxCI=0 rxqoffset=0 rxqlogsz=14
kernel[0:1cfe] () [VSPSerialPort]: RxDataAvailable called.
kernel[0:1cfe] () [VSPSerialPort]: RxEchoAsyncEvent: complete.
kernel[0:1cfe] () [VSPSerialPort]: <= lock level=1 this=0x60000398c058
